#
# There is insufficient memory for the Java Runtime Environment to continue.
# Native memory allocation (mmap) failed to map 264241152 bytes for Failed to commit area from 0x0000000704000000 to 0x0000000713c00000 of length 264241152.
# Possible reasons:
#   The system is out of physical RAM or swap space
#   The process is running with CompressedOops enabled, and the Java Heap may be blocking the growth of the native heap
# Possible solutions:
#   Reduce memory load on the system
#   Increase physical memory or swap space
#   Check if swap backing store is full
#   Decrease Java heap size (-Xmx/-Xms)
#   Decrease number of Java threads
#   Decrease Java thread stack sizes (-Xss)
#   Set larger code cache with -XX:ReservedCodeCacheSize=
# This output file may be truncated or incomplete.
#
#  Out of Memory Error (./src/hotspot/os/windows/os_windows.cpp:3387), pid=31404, tid=66300
#
# JRE version:  (11.0.14.1+1) (build )
# Java VM: OpenJDK 64-Bit Server VM (11.0.14.1+1, mixed mode, sharing, tiered, compressed oops, g1 gc, windows-amd64)
# No core dump will be written. Minidumps are not enabled by default on client versions of Windows
#

---------------  S U M M A R Y ------------

Command Line: -Dcom.android.sdklib.toolsdir=C:\Program Files\Unity\Hub\Editor\2022.3.49f1\Editor\Data\PlaybackEngines\AndroidPlayer\SDK\cmdline-tools\6.0\bin\\.. com.android.sdklib.tool.sdkmanager.SdkManagerCli --list

Host: 13th Gen Intel(R) Core(TM) i9-13900HX, 32 cores, 15G,  Windows 11 , 64 bit Build 22621 (10.0.22621.5124)
Time: Fri Apr 18 04:38:07 2025 GMT ÏÄÁîÊ± elapsed time: 0.008452 seconds (0d 0h 0m 0s)

---------------  T H R E A D  ---------------

Current thread (0x00000273db562000):  JavaThread "Unknown thread" [_thread_in_vm, id=66300, stack(0x000000c684d00000,0x000000c684e00000)]

Stack: [0x000000c684d00000,0x000000c684e00000]
Native frames: (J=compiled Java code, j=interpreted, Vv=VM code, C=native code)
V  [jvm.dll+0x61e59a]
V  [jvm.dll+0x7aaca9]
V  [jvm.dll+0x7ac398]
V  [jvm.dll+0x7aca73]
V  [jvm.dll+0x24f9b8]
V  [jvm.dll+0x61b83a]
V  [jvm.dll+0x6100c5]
V  [jvm.dll+0x30772c]
V  [jvm.dll+0x3075b2]
V  [jvm.dll+0x30c2d6]
V  [jvm.dll+0x35272f]
V  [jvm.dll+0x352160]
V  [jvm.dll+0x2e4728]
V  [jvm.dll+0x2e5886]
V  [jvm.dll+0x784b07]
V  [jvm.dll+0x78628f]
V  [jvm.dll+0x35f479]
V  [jvm.dll+0x767aa0]
V  [jvm.dll+0x3ccf1f]
V  [jvm.dll+0x3cf2b1]
C  [jli.dll+0x5207]
C  [ucrtbase.dll+0x29333]
C  [KERNEL32.DLL+0x1259d]
C  [ntdll.dll+0x5af38]


---------------  P R O C E S S  ---------------

Threads class SMR info:
_java_thread_list=0x00000273d92a64e0, length=0, elements={
}

Java Threads: ( => current thread )

Other Threads:
  0x00000273db57d800 GCTaskThread "GC Thread#0" [stack: 0x000000c684e00000,0x000000c684f00000] [id=63748]
  0x00000273db5dc800 ConcurrentGCThread "G1 Main Marker" [stack: 0x000000c684f00000,0x000000c685000000] [id=47648]
  0x00000273db5df000 ConcurrentGCThread "G1 Conc#0" [stack: 0x000000c685000000,0x000000c685100000] [id=68812]

[error occurred during error reporting (printing all threads), id 0xc0000005, EXCEPTION_ACCESS_VIOLATION (0xc0000005) at pc=0x00007ff924933ef7]

VM state:not at safepoint (not fully initialized)

VM Mutex/Monitor currently owned by a thread:  ([mutex/lock_event])
[0x00000273db55fa00] Heap_lock - owner thread: 0x00000273db562000

Heap address: 0x0000000704000000, size: 4032 MB, Compressed Oops mode: Non-zero based: 0x0000000704000000
Narrow klass base: 0x0000000000000000, Narrow klass shift: 0

GC Heap History (0 events):
No events

Deoptimization events (0 events):
No events

Classes redefined (0 events):
No events

Internal exceptions (0 events):
No events

Events (1 events):
Event: 0.005 Loaded shared library C:\Program Files\Unity\Hub\Editor\2022.3.49f1\Editor\Data\PlaybackEngines\AndroidPlayer\OpenJDK\bin\zip.dll


Dynamic libraries:
0x00007ff786200000 - 0x00007ff78620d000 	C:\Program Files\Unity\Hub\Editor\2022.3.49f1\Editor\Data\PlaybackEngines\AndroidPlayer\OpenJDK\bin\java.exe
0x00007ffaa43b0000 - 0x00007ffaa45c7000 	C:\Windows\SYSTEM32\ntdll.dll
0x00007ffaa20b0000 - 0x00007ffaa2174000 	C:\Windows\System32\KERNEL32.DLL
0x00007ffaa15e0000 - 0x00007ffaa19b3000 	C:\Windows\System32\KERNELBASE.dll
0x00007ffaa14c0000 - 0x00007ffaa15d1000 	C:\Windows\System32\ucrtbase.dll
0x00007ff9b44e0000 - 0x00007ff9b44f5000 	C:\Program Files\Unity\Hub\Editor\2022.3.49f1\Editor\Data\PlaybackEngines\AndroidPlayer\OpenJDK\bin\VCRUNTIME140.dll
0x00007ff9b4500000 - 0x00007ff9b4517000 	C:\Program Files\Unity\Hub\Editor\2022.3.49f1\Editor\Data\PlaybackEngines\AndroidPlayer\OpenJDK\bin\jli.dll
0x00007ffaa39a0000 - 0x00007ffaa3b51000 	C:\Windows\System32\USER32.dll
0x00007ffaa1d60000 - 0x00007ffaa1d86000 	C:\Windows\System32\win32u.dll
0x00007ffaa2a10000 - 0x00007ffaa2a39000 	C:\Windows\System32\GDI32.dll
0x00007ffaa1d90000 - 0x00007ffaa1eab000 	C:\Windows\System32\gdi32full.dll
0x00007ffaa1c00000 - 0x00007ffaa1c9a000 	C:\Windows\System32\msvcp_win.dll
0x00007ffa88ee0000 - 0x00007ffa89178000 	C:\Windows\WinSxS\amd64_microsoft.windows.common-controls_6595b64144ccf1df_6.0.22621.5124_none_270e8f4f7386d69d\COMCTL32.dll
0x00007ffaa3730000 - 0x00007ffaa37d7000 	C:\Windows\System32\msvcrt.dll
0x00007ffaa2600000 - 0x00007ffaa2631000 	C:\Windows\System32\IMM32.DLL
0x00007ff9afb70000 - 0x00007ff9afc0b000 	C:\Program Files\Unity\Hub\Editor\2022.3.49f1\Editor\Data\PlaybackEngines\AndroidPlayer\OpenJDK\bin\msvcp140.dll
0x00007ff924640000 - 0x00007ff9251c1000 	C:\Program Files\Unity\Hub\Editor\2022.3.49f1\Editor\Data\PlaybackEngines\AndroidPlayer\OpenJDK\bin\server\jvm.dll
0x00007ffaa4260000 - 0x00007ffaa4311000 	C:\Windows\System32\ADVAPI32.dll
0x00007ffaa38f0000 - 0x00007ffaa3998000 	C:\Windows\System32\sechost.dll
0x00007ffaa1eb0000 - 0x00007ffaa1ed8000 	C:\Windows\System32\bcrypt.dll
0x00007ffaa2650000 - 0x00007ffaa2764000 	C:\Windows\System32\RPCRT4.dll
0x00007ffaa2330000 - 0x00007ffaa2338000 	C:\Windows\System32\PSAPI.DLL
0x00007ffa86b30000 - 0x00007ffa86b39000 	C:\Windows\SYSTEM32\WSOCK32.dll
0x00007ffaa3cf0000 - 0x00007ffaa3d61000 	C:\Windows\System32\WS2_32.dll
0x00007ffa99620000 - 0x00007ffa99654000 	C:\Windows\SYSTEM32\WINMM.dll
0x00007ffa94650000 - 0x00007ffa9465a000 	C:\Windows\SYSTEM32\VERSION.dll
0x00007ffaa0540000 - 0x00007ffaa0558000 	C:\Windows\SYSTEM32\kernel.appcore.dll
0x00007ff9d0060000 - 0x00007ff9d0070000 	C:\Program Files\Unity\Hub\Editor\2022.3.49f1\Editor\Data\PlaybackEngines\AndroidPlayer\OpenJDK\bin\verify.dll
0x00007ffa9e9c0000 - 0x00007ffa9ebf2000 	C:\Windows\SYSTEM32\DBGHELP.DLL
0x00007ffaa32e0000 - 0x00007ffaa3672000 	C:\Windows\System32\combase.dll
0x00007ffaa2360000 - 0x00007ffaa2437000 	C:\Windows\System32\OLEAUT32.dll
0x00007ffa7b8a0000 - 0x00007ffa7b8d2000 	C:\Windows\SYSTEM32\dbgcore.DLL
0x00007ffaa1b00000 - 0x00007ffaa1b7b000 	C:\Windows\System32\bcryptPrimitives.dll
0x00007ff9b44b0000 - 0x00007ff9b44d8000 	C:\Program Files\Unity\Hub\Editor\2022.3.49f1\Editor\Data\PlaybackEngines\AndroidPlayer\OpenJDK\bin\java.dll
0x00007ff9cdc50000 - 0x00007ff9cdc5a000 	C:\Program Files\Unity\Hub\Editor\2022.3.49f1\Editor\Data\PlaybackEngines\AndroidPlayer\OpenJDK\bin\jimage.dll
0x00007ff9afb50000 - 0x00007ff9afb68000 	C:\Program Files\Unity\Hub\Editor\2022.3.49f1\Editor\Data\PlaybackEngines\AndroidPlayer\OpenJDK\bin\zip.dll

dbghelp: loaded successfully - version: 4.0.5 - missing functions: none
symbol engine: initialized successfully - sym options: 0x614 - pdb path: .;C:\Program Files\Unity\Hub\Editor\2022.3.49f1\Editor\Data\PlaybackEngines\AndroidPlayer\OpenJDK\bin;C:\Windows\SYSTEM32;C:\Windows\WinSxS\amd64_microsoft.windows.common-controls_6595b64144ccf1df_6.0.22621.5124_none_270e8f4f7386d69d;C:\Program Files\Unity\Hub\Editor\2022.3.49f1\Editor\Data\PlaybackEngines\AndroidPlayer\OpenJDK\bin\server

VM Arguments:
jvm_args: -Dcom.android.sdklib.toolsdir=C:\Program Files\Unity\Hub\Editor\2022.3.49f1\Editor\Data\PlaybackEngines\AndroidPlayer\SDK\cmdline-tools\6.0\bin\\.. 
java_command: com.android.sdklib.tool.sdkmanager.SdkManagerCli --list
java_class_path (initial): C:\Program Files\Unity\Hub\Editor\2022.3.49f1\Editor\Data\PlaybackEngines\AndroidPlayer\SDK\cmdline-tools\6.0\bin\..\lib\sdkmanager-classpath.jar
Launcher Type: SUN_STANDARD

[Global flags]
     intx CICompilerCount                          = 15                                        {product} {ergonomic}
     uint ConcGCThreads                            = 6                                         {product} {ergonomic}
     uint G1ConcRefinementThreads                  = 23                                        {product} {ergonomic}
   size_t G1HeapRegionSize                         = 1048576                                   {product} {ergonomic}
    uintx GCDrainStackTargetSize                   = 64                                        {product} {ergonomic}
   size_t InitialHeapSize                          = 264241152                                 {product} {ergonomic}
   size_t MarkStackSize                            = 4194304                                   {product} {ergonomic}
   size_t MaxHeapSize                              = 4227858432                                {product} {ergonomic}
   size_t MinHeapDeltaBytes                        = 1048576                                   {product} {ergonomic}
    uintx NonNMethodCodeHeapSize                   = 8182140                                {pd product} {ergonomic}
    uintx NonProfiledCodeHeapSize                  = 121738050                              {pd product} {ergonomic}
    uintx ProfiledCodeHeapSize                     = 121738050                              {pd product} {ergonomic}
    uintx ReservedCodeCacheSize                    = 251658240                              {pd product} {ergonomic}
     bool SegmentedCodeCache                       = true                                      {product} {ergonomic}
     bool UseCompressedClassPointers               = true                                 {lp64_product} {ergonomic}
     bool UseCompressedOops                        = true                                 {lp64_product} {ergonomic}
     bool UseG1GC                                  = true                                      {product} {ergonomic}
     bool UseLargePagesIndividualAllocation        = false                                  {pd product} {ergonomic}

Logging:
Log output configuration:
 #0: stdout all=warning uptime,level,tags
 #1: stderr all=off uptime,level,tags

Environment Variables:
JAVA_HOME=C:\Program Files\Unity\Hub\Editor\2022.3.49f1\Editor\Data\PlaybackEngines\AndroidPlayer\OpenJDK
CLASSPATH=C:\Program Files\Unity\Hub\Editor\2022.3.49f1\Editor\Data\PlaybackEngines\AndroidPlayer\SDK\cmdline-tools\6.0\bin\..\lib\sdkmanager-classpath.jar
PATH=E:\Oculus\Support\oculus-runtime;C:\Program Files (x86)\Common Files\Intel\Shared Libraries\redist\intel64_win\compiler;C:\Windows\system32;C:\Windows;C:\Windows\System32\Wbem;C:\Windows\System32\WindowsPowerShell\v1.0\;C:\Windows\System32\OpenSSH\;C:\Program Files\dotnet\;C:\Program Files (x86)\NVIDIA Corporation\PhysX\Common;C:\Program Files\Git\cmd;C:\Program Files\NVIDIA Corporation\NVIDIA app\NvDLISR;C:\Users\eiluowaiwai\AppData\Local\Programs\Python\Python311\Scripts\;C:\Users\eiluowaiwai\AppData\Local\Programs\Python\Python311\;E:\cursor\resources\app\bin
USERNAME=eiluowaiwai
OS=Windows_NT
PROCESSOR_IDENTIFIER=Intel64 Family 6 Model 183 Stepping 1, GenuineIntel



---------------  S Y S T E M  ---------------

OS: Windows 11 , 64 bit Build 22621 (10.0.22621.5124)
OS uptime: 1 days 10:24 hours

CPU:total 32 (initial active 32) (16 cores per cpu, 2 threads per core) family 6 model 183 stepping 1 microcode 0x10f, cmov, cx8, fxsr, mmx, sse, sse2, sse3, ssse3, sse4.1, sse4.2, popcnt, avx, avx2, aes, clmul, erms, 3dnowpref, lzcnt, ht, tsc, tscinvbit, bmi1, bmi2, adx, sha, fma

Memory: 4k page, system-wide physical 16123M (747M free)
TotalPageFile size 41737M (AvailPageFile size 236M)
current process WorkingSet (physical memory assigned to process): 11M, peak: 11M
current process commit charge ("private bytes"): 93M, peak: 345M

vm_info: OpenJDK 64-Bit Server VM (11.0.14.1+1) for windows-amd64 JRE (11.0.14.1+1), built on Feb  9 2022 01:48:27 by "" with unknown MS VC++:1916

END.
